2019-06-11 19:12:20	INFO	::casa	
2019-06-11 19:12:20	INFO	::casa	CASA Version 5.1.2-4  
2019-06-11 19:12:22	INFO	default::::	 #######  Setting values to default for task: clean  #######
2019-06-11 19:12:22	INFO	clean::::	
2019-06-11 19:12:22	INFO	clean::::+	##########################################
2019-06-11 19:12:22	INFO	clean::::+	##### Begin Task: clean              #####
2019-06-11 19:12:22	INFO	clean::::	clean(vis="/Users/Ridhima/Documents/ucb_projects/beam_characterization/hera_data/zen.2458115.23736.xx.HH.uvOCRS.res.ms",imagename="2458115.23736.xx.res",outlierfile="",field="",spw="0:200~900",
2019-06-11 19:12:22	INFO	clean::::+	        selectdata=True,timerange="",uvrange=">0",antenna="",scan="",
2019-06-11 19:12:22	INFO	clean::::+	        observation="",intent="",mode="mfs",resmooth=False,gridmode="",
2019-06-11 19:12:22	INFO	clean::::+	        wprojplanes=-1,facets=1,cfcache="cfcache.dir",rotpainc=5.0,painc=360.0,
2019-06-11 19:12:22	INFO	clean::::+	        aterm=True,psterm=False,mterm=True,wbawp=False,conjbeams=True,
2019-06-11 19:12:22	INFO	clean::::+	        epjtable="",interpolation="linear",niter=0,gain=0.1,threshold="0Jy",
2019-06-11 19:12:22	INFO	clean::::+	        psfmode="clark",imagermode="csclean",ftmachine="mosaic",mosweight=False,scaletype="SAULT",
2019-06-11 19:12:22	INFO	clean::::+	        multiscale=[],negcomponent=-1,smallscalebias=0.6,interactive=False,mask=[],
2019-06-11 19:12:22	INFO	clean::::+	        nchan=-1,start=0,width=1,outframe="",veltype="radio",
2019-06-11 19:12:22	INFO	clean::::+	        imsize=[512, 512],cell="8arcmin",phasecenter="",restfreq="",stokes="I",
2019-06-11 19:12:22	INFO	clean::::+	        weighting="uniform",robust=0.0,uvtaper=False,outertaper=[''],innertaper=['1.0'],
2019-06-11 19:12:22	INFO	clean::::+	        modelimage="",restoringbeam=[''],pbcor=False,minpb=0.2,usescratch=True,
2019-06-11 19:12:22	INFO	clean::::+	        noise="1.0Jy",npixels=0,npercycle=100,cyclefactor=1.5,cyclespeedup=-1,
2019-06-11 19:12:22	INFO	clean::::+	        nterms=1,reffreq="",chaniter=False,flatnoise=True,allowchunk=False)
2019-06-11 19:12:22	INFO	clean::::	nchan=-1 start=0 width=1
2019-06-11 19:12:22	INFO	clean::::	Use default channelization for clean
2019-06-11 19:12:22	INFO	clean::::	clean image: 2458115.23736.xx.res
2019-06-11 19:12:22	INFO	clean::::	FTMachine used is  ft 
2019-06-11 19:12:22	INFO	imager::setDataOnThisMS()	Performing selection on MeasurementSet : /Users/Ridhima/Documents/ucb_projects/beam_characterization/hera_data/zen.2458115.23736.xx.HH.uvOCRS.res.ms
2019-06-11 19:12:22	INFO		Clearing all model records in MS header.
2019-06-11 19:12:23	INFO	imager::setDataOnThisMS()	Selecting on fields : 0
2019-06-11 19:12:23	INFO	imager::setDataOnThisMS()	Selecting on spectral windows expression :0:200~900
2019-06-11 19:12:23	INFO	imager::setDataOnThisMS()	Selecting on uvdist : >0
2019-06-11 19:12:23	INFO	imager::setDataOnThisMS()	Selected 79560 out of  82680 rows.
2019-06-11 19:12:23	INFO	imager::setDataOnThisMS()	Selected : [701 chans in spw 0]
2019-06-11 19:12:23	INFO	msmetadata_cmpt.cc::open	Performing internal consistency checks on /Users/Ridhima/Documents/ucb_projects/beam_characterization/hera_data/zen.2458115.23736.xx.HH.uvOCRS.res.ms...
2019-06-11 19:12:23	INFO	msmetadata_cmpt.cc::open	Performing internal consistency checks on /Users/Ridhima/Documents/ucb_projects/beam_characterization/hera_data/zen.2458115.23736.xx.HH.uvOCRS.res.ms...
2019-06-11 19:12:23	INFO	imager::defineimage()	Defining image properties:nx=512 ny=512 cellx='8arcmin' celly='8arcmin' stokes=I' mode=MFS nchan=-1 start=0 step=1 spwids=[0] fieldid=-1 facets=1 frame=5 distance='0'
2019-06-11 19:12:23	INFO	imager::defineimage()	 phaseCenter='01:37:45.39,  329.11.32.71, ' mStart='Radialvelocity: 0' qStep='0 '' mFreqStart='Frequency: 0
2019-06-11 19:12:23	SEVERE	MeasTable::dUTC(Double) (file /Volumes/EXT/bamboohome/work/xml-data/build-dir/CASA-R511P-PO1/casa/casacore/measures/Measures/MeasTable.cc, line 4396)	Leap second table TAI_UTC seems out-of-date. 
2019-06-11 19:12:23	SEVERE	MeasTable::dUTC(Double) (file /Volumes/EXT/bamboohome/work/xml-data/build-dir/CASA-R511P-PO1/casa/casacore/measures/Measures/MeasTable.cc, line 4396)+	Until the table is updated (see the CASA documentation or your system admin),
2019-06-11 19:12:23	SEVERE	MeasTable::dUTC(Double) (file /Volumes/EXT/bamboohome/work/xml-data/build-dir/CASA-R511P-PO1/casa/casacore/measures/Measures/MeasTable.cc, line 4396)+	times and coordinates derived from UTC could be wrong by 1s or more.
2019-06-11 19:12:23	INFO	Imager::setvp() 	Setting voltage pattern parameters
2019-06-11 19:12:23	INFO	Imager::setvp() 	Sky position tolerance is 180 degrees
2019-06-11 19:12:23	INFO	Imager::setvp() 	Using system default voltage patterns for each telescope
2019-06-11 19:12:23	INFO	imager::makeimage() 	Calculating image (without full skyequation)
2019-06-11 19:12:23	WARN	imager::makeimage() (file /Volumes/EXT/bamboohome/work/xml-data/build-dir/CASA-R511P-PO1/casa/code/synthesis/MeasurementEquations/Imager.cc, line 2989)	The MS has multiple antenna diameters ..PB could be wrong 
2019-06-11 19:12:23	INFO	PBMath::initByDiameter 	PBMath init to Airy scaled to diameter = 14
2019-06-11 19:12:23	INFO	Imager::setvp() 	Setting voltage pattern parameters
2019-06-11 19:12:23	INFO	imager::weight()	Weighting MS: Imaging weights will be changed
2019-06-11 19:12:23	INFO	imager::weight()	Uniform weighting: sidelobes will be suppressed over full image
2019-06-11 19:12:26	INFO	clean::::	Used mask(s) : [''] to create mask image(s) : 2458115.23736.xx.res.mask
2019-06-11 19:12:26	INFO	imager::setoptions() 	Setting processing options
2019-06-11 19:12:26	INFO	clean::::	No model found. Making empty initial model : 2458115.23736.xx.res.model
2019-06-11 19:12:26	INFO	Imager::imagecoordinates() 	Center frequency = 0.153729 GHz, synthesized continuum bandwidth = 0.068465 GHz
2019-06-11 19:12:26	INFO	imager::clean()	Using multifield Clark clean
2019-06-11 19:12:26	INFO	imager::createFTMachine() 	Multiple fields or facets: transforms will be padded by a factor 1.2
2019-06-11 19:12:26	INFO	imager::createFTMachine() 	Performing interferometric gridding...
2019-06-11 19:12:26	INFO	imager::clean()	Clean gain = 0.1, Niter = 0, Threshold = 0 Jy
2019-06-11 19:12:26	INFO	imager::clean()	Starting deconvolution
2019-06-11 19:12:35	INFO	ImageSkyModel::makeApproxPSFs	bmaj: 2492.23", bmin: 1835.44", bpa: 79.1194 deg
2019-06-11 19:12:46	INFO	MFCleanImageSkyModel::solve	Final maximum residual = 0.375995
2019-06-11 19:12:46	INFO	MFCleanImageSkyModel::solve	Model 0: max, min residuals = 0.375995, -0.375348 clean flux 0
2019-06-11 19:12:46	INFO	imager::clean()	Threshhold not reached yet.
2019-06-11 19:12:46	INFO	imager::clean()	Fitted beam used in restoration: 2492.23 by 1835.44 (arcsec) at pa 79.1194 (deg) 
2019-06-11 19:12:46	INFO	imager::iClean()	Restoring Image(s) with the clean-beam
2019-06-11 19:12:47	INFO	clean::::	##### End Task: clean                #####
2019-06-11 19:12:47	INFO	clean::::+	##########################################
